1530539375924:join ss
1530539383416:leaVE
1530539390091:leave
1530539395673:quit
1530539405461:shutdown
1530543660638:say 111
1530543676721:stacktrace
1530543713671:join null
1530625717130:join ching
1530625725982:join a
1530625742896:say 111
1530625760888:leave
1530625769813:join
1530625820062:leave
1530625827820:join ching
1530625834014:asasdd
1530625837855:say
1530625840895:say 111
1530625847513:join 111
1530625854672:leave
1530625863686:join a
1530712378745:join ching
1530712428635:say hhh
1530712431457:leave
1530712910355:join  ching
1530712913517:say 111
1530712916159:leave
1530800608963:join ching
1530800613359:say hi
1530800619380:leave
1531055797432:shutdown
1531056234349:join ching
1531056240882:say 1111
